{
  error: Error: ER_ACCESS_DENIED_ERROR: Access denied for user 'Guru'@'157.49.206.152' (using password: YES)
      at Handshake.Sequence._packetToError (C:\Users\a861686\Downloads\POS\pos-backend\POS-services\node_modules\mysql\lib\protocol\sequences\Sequence.js:47:14)
      at Handshake.ErrorPacket (C:\Users\a861686\Downloads\POS\pos-backend\POS-services\node_modules\mysql\lib\protocol\sequences\Handshake.js:123:18)
      at Protocol._parsePacket (C:\Users\a861686\Downloads\POS\pos-backend\POS-services\node_modules\mysql\lib\protocol\Protocol.js:291:23)
      at Parser._parsePacket (C:\Users\a861686\Downloads\POS\pos-backend\POS-services\node_modules\mysql\lib\protocol\Parser.js:433:10)
      at Parser.write (C:\Users\a861686\Downloads\POS\pos-backend\POS-services\node_modules\mysql\lib\protocol\Parser.js:43:10)
      at Protocol.write (C:\Users\a861686\Downloads\POS\pos-backend\POS-services\node_modules\mysql\lib\protocol\Protocol.js:38:16)
      at Socket.<anonymous> (C:\Users\a861686\Downloads\POS\pos-backend\POS-services\node_modules\mysql\lib\Connection.js:88:28)
      at Socket.<anonymous> (C:\Users\a861686\Downloads\POS\pos-backend\POS-services\node_modules\mysql\lib\Connection.js:526:10)
      at Socket.emit (node:events:527:28)
      at addChunk (node:internal/streams/readable:315:12)
      --------------------
      at Protocol._enqueue (C:\Users\a861686\Downloads\POS\pos-backend\POS-services\node_modules\mysql\lib\protocol\Protocol.js:144:48)
      at Protocol.handshake (C:\Users\a861686\Downloads\POS\pos-backend\POS-services\node_modules\mysql\lib\protocol\Protocol.js:51:23)
      at Connection.connect (C:\Users\a861686\Downloads\POS\pos-backend\POS-services\node_modules\mysql\lib\Connection.js:116:18)
      at module.exports.db (C:\Users\a861686\Downloads\POS\pos-backend\POS-services\config\mysqldb.js:5:7)
      at Server.<anonymous> (C:\Users\a861686\Downloads\POS\pos-backend\POS-services\server.js:18:9)
      at Object.onceWrapper (node:events:641:28)
      at Server.emit (node:events:527:28)
      at emitListeningNT (node:net:1406:10)
      at processTicksAndRejections (node:internal/process/task_queues:82:21) {
    code: 'ER_ACCESS_DENIED_ERROR',
    errno: 1045,
    sqlMessage: "Access denied for user 'Guru'@'157.49.206.152' (using password: YES)",
    sqlState: '28000',
    fatal: true
  },
  level: 'error',
  message: "uncaughtException: ER_ACCESS_DENIED_ERROR: Access denied for user 'Guru'@'157.49.206.152' (using password: YES)\n" +
    "Error: ER_ACCESS_DENIED_ERROR: Access denied for user 'Guru'@'157.49.206.152' (using password: YES)\n" +
    '    at Handshake.Sequence._packetToError (C:\\Users\\a861686\\Downloads\\POS\\pos-backend\\POS-services\\node_modules\\mysql\\lib\\protocol\\sequences\\Sequence.js:47:14)\n' +
    '    at Handshake.ErrorPacket (C:\\Users\\a861686\\Downloads\\POS\\pos-backend\\POS-services\\node_modules\\mysql\\lib\\protocol\\sequences\\Handshake.js:123:18)\n' +
    '    at Protocol._parsePacket (C:\\Users\\a861686\\Downloads\\POS\\pos-backend\\POS-services\\node_modules\\mysql\\lib\\protocol\\Protocol.js:291:23)\n' +
    '    at Parser._parsePacket (C:\\Users\\a861686\\Downloads\\POS\\pos-backend\\POS-services\\node_modules\\mysql\\lib\\protocol\\Parser.js:433:10)\n' +
    '    at Parser.write (C:\\Users\\a861686\\Downloads\\POS\\pos-backend\\POS-services\\node_modules\\mysql\\lib\\protocol\\Parser.js:43:10)\n' +
    '    at Protocol.write (C:\\Users\\a861686\\Downloads\\POS\\pos-backend\\POS-services\\node_modules\\mysql\\lib\\protocol\\Protocol.js:38:16)\n' +
    '    at Socket.<anonymous> (C:\\Users\\a861686\\Downloads\\POS\\pos-backend\\POS-services\\node_modules\\mysql\\lib\\Connection.js:88:28)\n' +
    '    at Socket.<anonymous> (C:\\Users\\a861686\\Downloads\\POS\\pos-backend\\POS-services\\node_modules\\mysql\\lib\\Connection.js:526:10)\n' +
    '    at Socket.emit (node:events:527:28)\n' +
    '    at addChunk (node:internal/streams/readable:315:12)\n' +
    '    --------------------\n' +
    '    at Protocol._enqueue (C:\\Users\\a861686\\Downloads\\POS\\pos-backend\\POS-services\\node_modules\\mysql\\lib\\protocol\\Protocol.js:144:48)\n' +
    '    at Protocol.handshake (C:\\Users\\a861686\\Downloads\\POS\\pos-backend\\POS-services\\node_modules\\mysql\\lib\\protocol\\Protocol.js:51:23)\n' +
    '    at Connection.connect (C:\\Users\\a861686\\Downloads\\POS\\pos-backend\\POS-services\\node_modules\\mysql\\lib\\Connection.js:116:18)\n' +
    '    at module.exports.db (C:\\Users\\a861686\\Downloads\\POS\\pos-backend\\POS-services\\config\\mysqldb.js:5:7)\n' +
    '    at Server.<anonymous> (C:\\Users\\a861686\\Downloads\\POS\\pos-backend\\POS-services\\server.js:18:9)\n' +
    '    at Object.onceWrapper (node:events:641:28)\n' +
    '    at Server.emit (node:events:527:28)\n' +
    '    at emitListeningNT (node:net:1406:10)\n' +
    '    at processTicksAndRejections (node:internal/process/task_queues:82:21)',
  stack: "Error: ER_ACCESS_DENIED_ERROR: Access denied for user 'Guru'@'157.49.206.152' (using password: YES)\n" +
    '    at Handshake.Sequence._packetToError (C:\\Users\\a861686\\Downloads\\POS\\pos-backend\\POS-services\\node_modules\\mysql\\lib\\protocol\\sequences\\Sequence.js:47:14)\n' +
    '    at Handshake.ErrorPacket (C:\\Users\\a861686\\Downloads\\POS\\pos-backend\\POS-services\\node_modules\\mysql\\lib\\protocol\\sequences\\Handshake.js:123:18)\n' +
    '    at Protocol._parsePacket (C:\\Users\\a861686\\Downloads\\POS\\pos-backend\\POS-services\\node_modules\\mysql\\lib\\protocol\\Protocol.js:291:23)\n' +
    '    at Parser._parsePacket (C:\\Users\\a861686\\Downloads\\POS\\pos-backend\\POS-services\\node_modules\\mysql\\lib\\protocol\\Parser.js:433:10)\n' +
    '    at Parser.write (C:\\Users\\a861686\\Downloads\\POS\\pos-backend\\POS-services\\node_modules\\mysql\\lib\\protocol\\Parser.js:43:10)\n' +
    '    at Protocol.write (C:\\Users\\a861686\\Downloads\\POS\\pos-backend\\POS-services\\node_modules\\mysql\\lib\\protocol\\Protocol.js:38:16)\n' +
    '    at Socket.<anonymous> (C:\\Users\\a861686\\Downloads\\POS\\pos-backend\\POS-services\\node_modules\\mysql\\lib\\Connection.js:88:28)\n' +
    '    at Socket.<anonymous> (C:\\Users\\a861686\\Downloads\\POS\\pos-backend\\POS-services\\node_modules\\mysql\\lib\\Connection.js:526:10)\n' +
    '    at Socket.emit (node:events:527:28)\n' +
    '    at addChunk (node:internal/streams/readable:315:12)\n' +
    '    --------------------\n' +
    '    at Protocol._enqueue (C:\\Users\\a861686\\Downloads\\POS\\pos-backend\\POS-services\\node_modules\\mysql\\lib\\protocol\\Protocol.js:144:48)\n' +
    '    at Protocol.handshake (C:\\Users\\a861686\\Downloads\\POS\\pos-backend\\POS-services\\node_modules\\mysql\\lib\\protocol\\Protocol.js:51:23)\n' +
    '    at Connection.connect (C:\\Users\\a861686\\Downloads\\POS\\pos-backend\\POS-services\\node_modules\\mysql\\lib\\Connection.js:116:18)\n' +
    '    at module.exports.db (C:\\Users\\a861686\\Downloads\\POS\\pos-backend\\POS-services\\config\\mysqldb.js:5:7)\n' +
    '    at Server.<anonymous> (C:\\Users\\a861686\\Downloads\\POS\\pos-backend\\POS-services\\server.js:18:9)\n' +
    '    at Object.onceWrapper (node:events:641:28)\n' +
    '    at Server.emit (node:events:527:28)\n' +
    '    at emitListeningNT (node:net:1406:10)\n' +
    '    at processTicksAndRejections (node:internal/process/task_queues:82:21)',
  exception: true,
  date: 'Sat Dec 17 2022 22:40:56 GMT+0530 (India Standard Time)',
  process: {
    pid: 19692,
    uid: null,
    gid: null,
    cwd: 'C:\\Users\\a861686\\Downloads\\POS\\pos-backend\\POS-services',
    execPath: 'C:\\Program Files\\nodejs\\node.exe',
    version: 'v16.15.0',
    argv: [
      'C:\\Program Files\\nodejs\\node.exe',
      'C:\\Users\\a861686\\Downloads\\POS\\pos-backend\\POS-services\\server.js'
    ],
    memoryUsage: {
      rss: 51433472,
      heapTotal: 31518720,
      heapUsed: 19601120,
      external: 3640039,
      arrayBuffers: 530156
    }
  },
  os: { loadavg: [ 0, 0, 0 ], uptime: 169598 },
  trace: [
    {
      column: 14,
      file: 'C:\\Users\\a861686\\Downloads\\POS\\pos-backend\\POS-services\\node_modules\\mysql\\lib\\protocol\\sequences\\Sequence.js',
      function: 'Handshake.Sequence._packetToError',
      line: 47,
      method: '_packetToError',
      native: false
    },
    {
      column: 18,
      file: 'C:\\Users\\a861686\\Downloads\\POS\\pos-backend\\POS-services\\node_modules\\mysql\\lib\\protocol\\sequences\\Handshake.js',
      function: 'Handshake.ErrorPacket',
      line: 123,
      method: 'ErrorPacket',
      native: false
    },
    {
      column: 23,
      file: 'C:\\Users\\a861686\\Downloads\\POS\\pos-backend\\POS-services\\node_modules\\mysql\\lib\\protocol\\Protocol.js',
      function: 'Protocol._parsePacket',
      line: 291,
      method: '_parsePacket',
      native: false
    },
    {
      column: 10,
      file: 'C:\\Users\\a861686\\Downloads\\POS\\pos-backend\\POS-services\\node_modules\\mysql\\lib\\protocol\\Parser.js',
      function: 'Parser._parsePacket',
      line: 433,
      method: '_parsePacket',
      native: false
    },
    {
      column: 10,
      file: 'C:\\Users\\a861686\\Downloads\\POS\\pos-backend\\POS-services\\node_modules\\mysql\\lib\\protocol\\Parser.js',
      function: 'Parser.write',
      line: 43,
      method: 'write',
      native: false
    },
    {
      column: 16,
      file: 'C:\\Users\\a861686\\Downloads\\POS\\pos-backend\\POS-services\\node_modules\\mysql\\lib\\protocol\\Protocol.js',
      function: 'Protocol.write',
      line: 38,
      method: 'write',
      native: false
    },
    {
      column: 28,
      file: 'C:\\Users\\a861686\\Downloads\\POS\\pos-backend\\POS-services\\node_modules\\mysql\\lib\\Connection.js',
      function: null,
      line: 88,
      method: null,
      native: false
    },
    {
      column: 10,
      file: 'C:\\Users\\a861686\\Downloads\\POS\\pos-backend\\POS-services\\node_modules\\mysql\\lib\\Connection.js',
      function: null,
      line: 526,
      method: null,
      native: false
    },
    {
      column: 28,
      file: 'node:events',
      function: 'Socket.emit',
      line: 527,
      method: 'emit',
      native: false
    },
    {
      column: 12,
      file: 'node:internal/streams/readable',
      function: 'addChunk',
      line: 315,
      method: null,
      native: false
    },
    {
      column: null,
      file: '    --------------------',
      function: null,
      line: null,
      method: null,
      native: null
    },
    {
      column: 48,
      file: 'C:\\Users\\a861686\\Downloads\\POS\\pos-backend\\POS-services\\node_modules\\mysql\\lib\\protocol\\Protocol.js',
      function: 'Protocol._enqueue',
      line: 144,
      method: '_enqueue',
      native: false
    },
    {
      column: 23,
      file: 'C:\\Users\\a861686\\Downloads\\POS\\pos-backend\\POS-services\\node_modules\\mysql\\lib\\protocol\\Protocol.js',
      function: 'Protocol.handshake',
      line: 51,
      method: 'handshake',
      native: false
    },
    {
      column: 18,
      file: 'C:\\Users\\a861686\\Downloads\\POS\\pos-backend\\POS-services\\node_modules\\mysql\\lib\\Connection.js',
      function: 'Connection.connect',
      line: 116,
      method: 'connect',
      native: false
    },
    {
      column: 7,
      file: 'C:\\Users\\a861686\\Downloads\\POS\\pos-backend\\POS-services\\config\\mysqldb.js',
      function: 'module.exports.db',
      line: 5,
      method: 'db',
      native: false
    },
    {
      column: 9,
      file: 'C:\\Users\\a861686\\Downloads\\POS\\pos-backend\\POS-services\\server.js',
      function: null,
      line: 18,
      method: null,
      native: false
    },
    {
      column: 28,
      file: 'node:events',
      function: 'Object.onceWrapper',
      line: 641,
      method: 'onceWrapper',
      native: false
    },
    {
      column: 28,
      file: 'node:events',
      function: 'Server.emit',
      line: 527,
      method: 'emit',
      native: false
    },
    {
      column: 10,
      file: 'node:net',
      function: 'emitListeningNT',
      line: 1406,
      method: null,
      native: false
    },
    {
      column: 21,
      file: 'node:internal/process/task_queues',
      function: 'processTicksAndRejections',
      line: 82,
      method: null,
      native: false
    }
  ],
  timestamp: '2022-12-17 22:40:56'
}
{
  error: Error: ER_ACCESS_DENIED_ERROR: Access denied for user 'Guru'@'157.49.206.152' (using password: YES)
      at Handshake.Sequence._packetToError (C:\Users\a861686\Downloads\POS\pos-backend\POS-services\node_modules\mysql\lib\protocol\sequences\Sequence.js:47:14)
      at Handshake.ErrorPacket (C:\Users\a861686\Downloads\POS\pos-backend\POS-services\node_modules\mysql\lib\protocol\sequences\Handshake.js:123:18)
      at Protocol._parsePacket (C:\Users\a861686\Downloads\POS\pos-backend\POS-services\node_modules\mysql\lib\protocol\Protocol.js:291:23)
      at Parser._parsePacket (C:\Users\a861686\Downloads\POS\pos-backend\POS-services\node_modules\mysql\lib\protocol\Parser.js:433:10)
      at Parser.write (C:\Users\a861686\Downloads\POS\pos-backend\POS-services\node_modules\mysql\lib\protocol\Parser.js:43:10)
      at Protocol.write (C:\Users\a861686\Downloads\POS\pos-backend\POS-services\node_modules\mysql\lib\protocol\Protocol.js:38:16)
      at Socket.<anonymous> (C:\Users\a861686\Downloads\POS\pos-backend\POS-services\node_modules\mysql\lib\Connection.js:88:28)
      at Socket.<anonymous> (C:\Users\a861686\Downloads\POS\pos-backend\POS-services\node_modules\mysql\lib\Connection.js:526:10)
      at Socket.emit (node:events:527:28)
      at addChunk (node:internal/streams/readable:315:12)
      --------------------
      at Protocol._enqueue (C:\Users\a861686\Downloads\POS\pos-backend\POS-services\node_modules\mysql\lib\protocol\Protocol.js:144:48)
      at Protocol.handshake (C:\Users\a861686\Downloads\POS\pos-backend\POS-services\node_modules\mysql\lib\protocol\Protocol.js:51:23)
      at Connection.connect (C:\Users\a861686\Downloads\POS\pos-backend\POS-services\node_modules\mysql\lib\Connection.js:116:18)
      at module.exports.db (C:\Users\a861686\Downloads\POS\pos-backend\POS-services\config\mysqldb.js:5:7)
      at Server.<anonymous> (C:\Users\a861686\Downloads\POS\pos-backend\POS-services\server.js:18:9)
      at Object.onceWrapper (node:events:641:28)
      at Server.emit (node:events:527:28)
      at emitListeningNT (node:net:1406:10)
      at processTicksAndRejections (node:internal/process/task_queues:82:21) {
    code: 'ER_ACCESS_DENIED_ERROR',
    errno: 1045,
    sqlMessage: "Access denied for user 'Guru'@'157.49.206.152' (using password: YES)",
    sqlState: '28000',
    fatal: true
  },
  level: 'error',
  message: "uncaughtException: ER_ACCESS_DENIED_ERROR: Access denied for user 'Guru'@'157.49.206.152' (using password: YES)\n" +
    "Error: ER_ACCESS_DENIED_ERROR: Access denied for user 'Guru'@'157.49.206.152' (using password: YES)\n" +
    '    at Handshake.Sequence._packetToError (C:\\Users\\a861686\\Downloads\\POS\\pos-backend\\POS-services\\node_modules\\mysql\\lib\\protocol\\sequences\\Sequence.js:47:14)\n' +
    '    at Handshake.ErrorPacket (C:\\Users\\a861686\\Downloads\\POS\\pos-backend\\POS-services\\node_modules\\mysql\\lib\\protocol\\sequences\\Handshake.js:123:18)\n' +
    '    at Protocol._parsePacket (C:\\Users\\a861686\\Downloads\\POS\\pos-backend\\POS-services\\node_modules\\mysql\\lib\\protocol\\Protocol.js:291:23)\n' +
    '    at Parser._parsePacket (C:\\Users\\a861686\\Downloads\\POS\\pos-backend\\POS-services\\node_modules\\mysql\\lib\\protocol\\Parser.js:433:10)\n' +
    '    at Parser.write (C:\\Users\\a861686\\Downloads\\POS\\pos-backend\\POS-services\\node_modules\\mysql\\lib\\protocol\\Parser.js:43:10)\n' +
    '    at Protocol.write (C:\\Users\\a861686\\Downloads\\POS\\pos-backend\\POS-services\\node_modules\\mysql\\lib\\protocol\\Protocol.js:38:16)\n' +
    '    at Socket.<anonymous> (C:\\Users\\a861686\\Downloads\\POS\\pos-backend\\POS-services\\node_modules\\mysql\\lib\\Connection.js:88:28)\n' +
    '    at Socket.<anonymous> (C:\\Users\\a861686\\Downloads\\POS\\pos-backend\\POS-services\\node_modules\\mysql\\lib\\Connection.js:526:10)\n' +
    '    at Socket.emit (node:events:527:28)\n' +
    '    at addChunk (node:internal/streams/readable:315:12)\n' +
    '    --------------------\n' +
    '    at Protocol._enqueue (C:\\Users\\a861686\\Downloads\\POS\\pos-backend\\POS-services\\node_modules\\mysql\\lib\\protocol\\Protocol.js:144:48)\n' +
    '    at Protocol.handshake (C:\\Users\\a861686\\Downloads\\POS\\pos-backend\\POS-services\\node_modules\\mysql\\lib\\protocol\\Protocol.js:51:23)\n' +
    '    at Connection.connect (C:\\Users\\a861686\\Downloads\\POS\\pos-backend\\POS-services\\node_modules\\mysql\\lib\\Connection.js:116:18)\n' +
    '    at module.exports.db (C:\\Users\\a861686\\Downloads\\POS\\pos-backend\\POS-services\\config\\mysqldb.js:5:7)\n' +
    '    at Server.<anonymous> (C:\\Users\\a861686\\Downloads\\POS\\pos-backend\\POS-services\\server.js:18:9)\n' +
    '    at Object.onceWrapper (node:events:641:28)\n' +
    '    at Server.emit (node:events:527:28)\n' +
    '    at emitListeningNT (node:net:1406:10)\n' +
    '    at processTicksAndRejections (node:internal/process/task_queues:82:21)',
  stack: "Error: ER_ACCESS_DENIED_ERROR: Access denied for user 'Guru'@'157.49.206.152' (using password: YES)\n" +
    '    at Handshake.Sequence._packetToError (C:\\Users\\a861686\\Downloads\\POS\\pos-backend\\POS-services\\node_modules\\mysql\\lib\\protocol\\sequences\\Sequence.js:47:14)\n' +
    '    at Handshake.ErrorPacket (C:\\Users\\a861686\\Downloads\\POS\\pos-backend\\POS-services\\node_modules\\mysql\\lib\\protocol\\sequences\\Handshake.js:123:18)\n' +
    '    at Protocol._parsePacket (C:\\Users\\a861686\\Downloads\\POS\\pos-backend\\POS-services\\node_modules\\mysql\\lib\\protocol\\Protocol.js:291:23)\n' +
    '    at Parser._parsePacket (C:\\Users\\a861686\\Downloads\\POS\\pos-backend\\POS-services\\node_modules\\mysql\\lib\\protocol\\Parser.js:433:10)\n' +
    '    at Parser.write (C:\\Users\\a861686\\Downloads\\POS\\pos-backend\\POS-services\\node_modules\\mysql\\lib\\protocol\\Parser.js:43:10)\n' +
    '    at Protocol.write (C:\\Users\\a861686\\Downloads\\POS\\pos-backend\\POS-services\\node_modules\\mysql\\lib\\protocol\\Protocol.js:38:16)\n' +
    '    at Socket.<anonymous> (C:\\Users\\a861686\\Downloads\\POS\\pos-backend\\POS-services\\node_modules\\mysql\\lib\\Connection.js:88:28)\n' +
    '    at Socket.<anonymous> (C:\\Users\\a861686\\Downloads\\POS\\pos-backend\\POS-services\\node_modules\\mysql\\lib\\Connection.js:526:10)\n' +
    '    at Socket.emit (node:events:527:28)\n' +
    '    at addChunk (node:internal/streams/readable:315:12)\n' +
    '    --------------------\n' +
    '    at Protocol._enqueue (C:\\Users\\a861686\\Downloads\\POS\\pos-backend\\POS-services\\node_modules\\mysql\\lib\\protocol\\Protocol.js:144:48)\n' +
    '    at Protocol.handshake (C:\\Users\\a861686\\Downloads\\POS\\pos-backend\\POS-services\\node_modules\\mysql\\lib\\protocol\\Protocol.js:51:23)\n' +
    '    at Connection.connect (C:\\Users\\a861686\\Downloads\\POS\\pos-backend\\POS-services\\node_modules\\mysql\\lib\\Connection.js:116:18)\n' +
    '    at module.exports.db (C:\\Users\\a861686\\Downloads\\POS\\pos-backend\\POS-services\\config\\mysqldb.js:5:7)\n' +
    '    at Server.<anonymous> (C:\\Users\\a861686\\Downloads\\POS\\pos-backend\\POS-services\\server.js:18:9)\n' +
    '    at Object.onceWrapper (node:events:641:28)\n' +
    '    at Server.emit (node:events:527:28)\n' +
    '    at emitListeningNT (node:net:1406:10)\n' +
    '    at processTicksAndRejections (node:internal/process/task_queues:82:21)',
  exception: true,
  date: 'Sat Dec 17 2022 22:45:22 GMT+0530 (India Standard Time)',
  process: {
    pid: 11484,
    uid: null,
    gid: null,
    cwd: 'C:\\Users\\a861686\\Downloads\\POS\\pos-backend\\POS-services',
    execPath: 'C:\\Program Files\\nodejs\\node.exe',
    version: 'v16.15.0',
    argv: [
      'C:\\Program Files\\nodejs\\node.exe',
      'C:\\Users\\a861686\\Downloads\\POS\\pos-backend\\POS-services\\server.js'
    ],
    memoryUsage: {
      rss: 52453376,
      heapTotal: 31518720,
      heapUsed: 20090768,
      external: 3640039,
      arrayBuffers: 573798
    }
  },
  os: { loadavg: [ 0, 0, 0 ], uptime: 169864 },
  trace: [
    {
      column: 14,
      file: 'C:\\Users\\a861686\\Downloads\\POS\\pos-backend\\POS-services\\node_modules\\mysql\\lib\\protocol\\sequences\\Sequence.js',
      function: 'Handshake.Sequence._packetToError',
      line: 47,
      method: '_packetToError',
      native: false
    },
    {
      column: 18,
      file: 'C:\\Users\\a861686\\Downloads\\POS\\pos-backend\\POS-services\\node_modules\\mysql\\lib\\protocol\\sequences\\Handshake.js',
      function: 'Handshake.ErrorPacket',
      line: 123,
      method: 'ErrorPacket',
      native: false
    },
    {
      column: 23,
      file: 'C:\\Users\\a861686\\Downloads\\POS\\pos-backend\\POS-services\\node_modules\\mysql\\lib\\protocol\\Protocol.js',
      function: 'Protocol._parsePacket',
      line: 291,
      method: '_parsePacket',
      native: false
    },
    {
      column: 10,
      file: 'C:\\Users\\a861686\\Downloads\\POS\\pos-backend\\POS-services\\node_modules\\mysql\\lib\\protocol\\Parser.js',
      function: 'Parser._parsePacket',
      line: 433,
      method: '_parsePacket',
      native: false
    },
    {
      column: 10,
      file: 'C:\\Users\\a861686\\Downloads\\POS\\pos-backend\\POS-services\\node_modules\\mysql\\lib\\protocol\\Parser.js',
      function: 'Parser.write',
      line: 43,
      method: 'write',
      native: false
    },
    {
      column: 16,
      file: 'C:\\Users\\a861686\\Downloads\\POS\\pos-backend\\POS-services\\node_modules\\mysql\\lib\\protocol\\Protocol.js',
      function: 'Protocol.write',
      line: 38,
      method: 'write',
      native: false
    },
    {
      column: 28,
      file: 'C:\\Users\\a861686\\Downloads\\POS\\pos-backend\\POS-services\\node_modules\\mysql\\lib\\Connection.js',
      function: null,
      line: 88,
      method: null,
      native: false
    },
    {
      column: 10,
      file: 'C:\\Users\\a861686\\Downloads\\POS\\pos-backend\\POS-services\\node_modules\\mysql\\lib\\Connection.js',
      function: null,
      line: 526,
      method: null,
      native: false
    },
    {
      column: 28,
      file: 'node:events',
      function: 'Socket.emit',
      line: 527,
      method: 'emit',
      native: false
    },
    {
      column: 12,
      file: 'node:internal/streams/readable',
      function: 'addChunk',
      line: 315,
      method: null,
      native: false
    },
    {
      column: null,
      file: '    --------------------',
      function: null,
      line: null,
      method: null,
      native: null
    },
    {
      column: 48,
      file: 'C:\\Users\\a861686\\Downloads\\POS\\pos-backend\\POS-services\\node_modules\\mysql\\lib\\protocol\\Protocol.js',
      function: 'Protocol._enqueue',
      line: 144,
      method: '_enqueue',
      native: false
    },
    {
      column: 23,
      file: 'C:\\Users\\a861686\\Downloads\\POS\\pos-backend\\POS-services\\node_modules\\mysql\\lib\\protocol\\Protocol.js',
      function: 'Protocol.handshake',
      line: 51,
      method: 'handshake',
      native: false
    },
    {
      column: 18,
      file: 'C:\\Users\\a861686\\Downloads\\POS\\pos-backend\\POS-services\\node_modules\\mysql\\lib\\Connection.js',
      function: 'Connection.connect',
      line: 116,
      method: 'connect',
      native: false
    },
    {
      column: 7,
      file: 'C:\\Users\\a861686\\Downloads\\POS\\pos-backend\\POS-services\\config\\mysqldb.js',
      function: 'module.exports.db',
      line: 5,
      method: 'db',
      native: false
    },
    {
      column: 9,
      file: 'C:\\Users\\a861686\\Downloads\\POS\\pos-backend\\POS-services\\server.js',
      function: null,
      line: 18,
      method: null,
      native: false
    },
    {
      column: 28,
      file: 'node:events',
      function: 'Object.onceWrapper',
      line: 641,
      method: 'onceWrapper',
      native: false
    },
    {
      column: 28,
      file: 'node:events',
      function: 'Server.emit',
      line: 527,
      method: 'emit',
      native: false
    },
    {
      column: 10,
      file: 'node:net',
      function: 'emitListeningNT',
      line: 1406,
      method: null,
      native: false
    },
    {
      column: 21,
      file: 'node:internal/process/task_queues',
      function: 'processTicksAndRejections',
      line: 82,
      method: null,
      native: false
    }
  ],
  timestamp: '2022-12-17 22:45:22'
}
{
  error: Error: ER_ACCESS_DENIED_ERROR: Access denied for user 'Guru'@'157.49.206.152' (using password: YES)
      at Handshake.Sequence._packetToError (C:\Users\a861686\Downloads\POS\pos-backend\POS-services\node_modules\mysql\lib\protocol\sequences\Sequence.js:47:14)
      at Handshake.ErrorPacket (C:\Users\a861686\Downloads\POS\pos-backend\POS-services\node_modules\mysql\lib\protocol\sequences\Handshake.js:123:18)
      at Protocol._parsePacket (C:\Users\a861686\Downloads\POS\pos-backend\POS-services\node_modules\mysql\lib\protocol\Protocol.js:291:23)
      at Parser._parsePacket (C:\Users\a861686\Downloads\POS\pos-backend\POS-services\node_modules\mysql\lib\protocol\Parser.js:433:10)
      at Parser.write (C:\Users\a861686\Downloads\POS\pos-backend\POS-services\node_modules\mysql\lib\protocol\Parser.js:43:10)
      at Protocol.write (C:\Users\a861686\Downloads\POS\pos-backend\POS-services\node_modules\mysql\lib\protocol\Protocol.js:38:16)
      at Socket.<anonymous> (C:\Users\a861686\Downloads\POS\pos-backend\POS-services\node_modules\mysql\lib\Connection.js:88:28)
      at Socket.<anonymous> (C:\Users\a861686\Downloads\POS\pos-backend\POS-services\node_modules\mysql\lib\Connection.js:526:10)
      at Socket.emit (node:events:527:28)
      at addChunk (node:internal/streams/readable:315:12)
      --------------------
      at Protocol._enqueue (C:\Users\a861686\Downloads\POS\pos-backend\POS-services\node_modules\mysql\lib\protocol\Protocol.js:144:48)
      at Protocol.handshake (C:\Users\a861686\Downloads\POS\pos-backend\POS-services\node_modules\mysql\lib\protocol\Protocol.js:51:23)
      at Connection.connect (C:\Users\a861686\Downloads\POS\pos-backend\POS-services\node_modules\mysql\lib\Connection.js:116:18)
      at module.exports.db (C:\Users\a861686\Downloads\POS\pos-backend\POS-services\config\mysqldb.js:10:7)
      at Server.<anonymous> (C:\Users\a861686\Downloads\POS\pos-backend\POS-services\server.js:18:9)
      at Object.onceWrapper (node:events:641:28)
      at Server.emit (node:events:527:28)
      at emitListeningNT (node:net:1406:10)
      at processTicksAndRejections (node:internal/process/task_queues:82:21) {
    code: 'ER_ACCESS_DENIED_ERROR',
    errno: 1045,
    sqlMessage: "Access denied for user 'Guru'@'157.49.206.152' (using password: YES)",
    sqlState: '28000',
    fatal: true
  },
  level: 'error',
  message: "uncaughtException: ER_ACCESS_DENIED_ERROR: Access denied for user 'Guru'@'157.49.206.152' (using password: YES)\n" +
    "Error: ER_ACCESS_DENIED_ERROR: Access denied for user 'Guru'@'157.49.206.152' (using password: YES)\n" +
    '    at Handshake.Sequence._packetToError (C:\\Users\\a861686\\Downloads\\POS\\pos-backend\\POS-services\\node_modules\\mysql\\lib\\protocol\\sequences\\Sequence.js:47:14)\n' +
    '    at Handshake.ErrorPacket (C:\\Users\\a861686\\Downloads\\POS\\pos-backend\\POS-services\\node_modules\\mysql\\lib\\protocol\\sequences\\Handshake.js:123:18)\n' +
    '    at Protocol._parsePacket (C:\\Users\\a861686\\Downloads\\POS\\pos-backend\\POS-services\\node_modules\\mysql\\lib\\protocol\\Protocol.js:291:23)\n' +
    '    at Parser._parsePacket (C:\\Users\\a861686\\Downloads\\POS\\pos-backend\\POS-services\\node_modules\\mysql\\lib\\protocol\\Parser.js:433:10)\n' +
    '    at Parser.write (C:\\Users\\a861686\\Downloads\\POS\\pos-backend\\POS-services\\node_modules\\mysql\\lib\\protocol\\Parser.js:43:10)\n' +
    '    at Protocol.write (C:\\Users\\a861686\\Downloads\\POS\\pos-backend\\POS-services\\node_modules\\mysql\\lib\\protocol\\Protocol.js:38:16)\n' +
    '    at Socket.<anonymous> (C:\\Users\\a861686\\Downloads\\POS\\pos-backend\\POS-services\\node_modules\\mysql\\lib\\Connection.js:88:28)\n' +
    '    at Socket.<anonymous> (C:\\Users\\a861686\\Downloads\\POS\\pos-backend\\POS-services\\node_modules\\mysql\\lib\\Connection.js:526:10)\n' +
    '    at Socket.emit (node:events:527:28)\n' +
    '    at addChunk (node:internal/streams/readable:315:12)\n' +
    '    --------------------\n' +
    '    at Protocol._enqueue (C:\\Users\\a861686\\Downloads\\POS\\pos-backend\\POS-services\\node_modules\\mysql\\lib\\protocol\\Protocol.js:144:48)\n' +
    '    at Protocol.handshake (C:\\Users\\a861686\\Downloads\\POS\\pos-backend\\POS-services\\node_modules\\mysql\\lib\\protocol\\Protocol.js:51:23)\n' +
    '    at Connection.connect (C:\\Users\\a861686\\Downloads\\POS\\pos-backend\\POS-services\\node_modules\\mysql\\lib\\Connection.js:116:18)\n' +
    '    at module.exports.db (C:\\Users\\a861686\\Downloads\\POS\\pos-backend\\POS-services\\config\\mysqldb.js:10:7)\n' +
    '    at Server.<anonymous> (C:\\Users\\a861686\\Downloads\\POS\\pos-backend\\POS-services\\server.js:18:9)\n' +
    '    at Object.onceWrapper (node:events:641:28)\n' +
    '    at Server.emit (node:events:527:28)\n' +
    '    at emitListeningNT (node:net:1406:10)\n' +
    '    at processTicksAndRejections (node:internal/process/task_queues:82:21)',
  stack: "Error: ER_ACCESS_DENIED_ERROR: Access denied for user 'Guru'@'157.49.206.152' (using password: YES)\n" +
    '    at Handshake.Sequence._packetToError (C:\\Users\\a861686\\Downloads\\POS\\pos-backend\\POS-services\\node_modules\\mysql\\lib\\protocol\\sequences\\Sequence.js:47:14)\n' +
    '    at Handshake.ErrorPacket (C:\\Users\\a861686\\Downloads\\POS\\pos-backend\\POS-services\\node_modules\\mysql\\lib\\protocol\\sequences\\Handshake.js:123:18)\n' +
    '    at Protocol._parsePacket (C:\\Users\\a861686\\Downloads\\POS\\pos-backend\\POS-services\\node_modules\\mysql\\lib\\protocol\\Protocol.js:291:23)\n' +
    '    at Parser._parsePacket (C:\\Users\\a861686\\Downloads\\POS\\pos-backend\\POS-services\\node_modules\\mysql\\lib\\protocol\\Parser.js:433:10)\n' +
    '    at Parser.write (C:\\Users\\a861686\\Downloads\\POS\\pos-backend\\POS-services\\node_modules\\mysql\\lib\\protocol\\Parser.js:43:10)\n' +
    '    at Protocol.write (C:\\Users\\a861686\\Downloads\\POS\\pos-backend\\POS-services\\node_modules\\mysql\\lib\\protocol\\Protocol.js:38:16)\n' +
    '    at Socket.<anonymous> (C:\\Users\\a861686\\Downloads\\POS\\pos-backend\\POS-services\\node_modules\\mysql\\lib\\Connection.js:88:28)\n' +
    '    at Socket.<anonymous> (C:\\Users\\a861686\\Downloads\\POS\\pos-backend\\POS-services\\node_modules\\mysql\\lib\\Connection.js:526:10)\n' +
    '    at Socket.emit (node:events:527:28)\n' +
    '    at addChunk (node:internal/streams/readable:315:12)\n' +
    '    --------------------\n' +
    '    at Protocol._enqueue (C:\\Users\\a861686\\Downloads\\POS\\pos-backend\\POS-services\\node_modules\\mysql\\lib\\protocol\\Protocol.js:144:48)\n' +
    '    at Protocol.handshake (C:\\Users\\a861686\\Downloads\\POS\\pos-backend\\POS-services\\node_modules\\mysql\\lib\\protocol\\Protocol.js:51:23)\n' +
    '    at Connection.connect (C:\\Users\\a861686\\Downloads\\POS\\pos-backend\\POS-services\\node_modules\\mysql\\lib\\Connection.js:116:18)\n' +
    '    at module.exports.db (C:\\Users\\a861686\\Downloads\\POS\\pos-backend\\POS-services\\config\\mysqldb.js:10:7)\n' +
    '    at Server.<anonymous> (C:\\Users\\a861686\\Downloads\\POS\\pos-backend\\POS-services\\server.js:18:9)\n' +
    '    at Object.onceWrapper (node:events:641:28)\n' +
    '    at Server.emit (node:events:527:28)\n' +
    '    at emitListeningNT (node:net:1406:10)\n' +
    '    at processTicksAndRejections (node:internal/process/task_queues:82:21)',
  exception: true,
  date: 'Sat Dec 17 2022 22:46:09 GMT+0530 (India Standard Time)',
  process: {
    pid: 15544,
    uid: null,
    gid: null,
    cwd: 'C:\\Users\\a861686\\Downloads\\POS\\pos-backend\\POS-services',
    execPath: 'C:\\Program Files\\nodejs\\node.exe',
    version: 'v16.15.0',
    argv: [
      'C:\\Program Files\\nodejs\\node.exe',
      'C:\\Users\\a861686\\Downloads\\POS\\pos-backend\\POS-services\\server.js'
    ],
    memoryUsage: {
      rss: 51314688,
      heapTotal: 32305152,
      heapUsed: 18839656,
      external: 3640039,
      arrayBuffers: 511102
    }
  },
  os: { loadavg: [ 0, 0, 0 ], uptime: 169911 },
  trace: [
    {
      column: 14,
      file: 'C:\\Users\\a861686\\Downloads\\POS\\pos-backend\\POS-services\\node_modules\\mysql\\lib\\protocol\\sequences\\Sequence.js',
      function: 'Handshake.Sequence._packetToError',
      line: 47,
      method: '_packetToError',
      native: false
    },
    {
      column: 18,
      file: 'C:\\Users\\a861686\\Downloads\\POS\\pos-backend\\POS-services\\node_modules\\mysql\\lib\\protocol\\sequences\\Handshake.js',
      function: 'Handshake.ErrorPacket',
      line: 123,
      method: 'ErrorPacket',
      native: false
    },
    {
      column: 23,
      file: 'C:\\Users\\a861686\\Downloads\\POS\\pos-backend\\POS-services\\node_modules\\mysql\\lib\\protocol\\Protocol.js',
      function: 'Protocol._parsePacket',
      line: 291,
      method: '_parsePacket',
      native: false
    },
    {
      column: 10,
      file: 'C:\\Users\\a861686\\Downloads\\POS\\pos-backend\\POS-services\\node_modules\\mysql\\lib\\protocol\\Parser.js',
      function: 'Parser._parsePacket',
      line: 433,
      method: '_parsePacket',
      native: false
    },
    {
      column: 10,
      file: 'C:\\Users\\a861686\\Downloads\\POS\\pos-backend\\POS-services\\node_modules\\mysql\\lib\\protocol\\Parser.js',
      function: 'Parser.write',
      line: 43,
      method: 'write',
      native: false
    },
    {
      column: 16,
      file: 'C:\\Users\\a861686\\Downloads\\POS\\pos-backend\\POS-services\\node_modules\\mysql\\lib\\protocol\\Protocol.js',
      function: 'Protocol.write',
      line: 38,
      method: 'write',
      native: false
    },
    {
      column: 28,
      file: 'C:\\Users\\a861686\\Downloads\\POS\\pos-backend\\POS-services\\node_modules\\mysql\\lib\\Connection.js',
      function: null,
      line: 88,
      method: null,
      native: false
    },
    {
      column: 10,
      file: 'C:\\Users\\a861686\\Downloads\\POS\\pos-backend\\POS-services\\node_modules\\mysql\\lib\\Connection.js',
      function: null,
      line: 526,
      method: null,
      native: false
    },
    {
      column: 28,
      file: 'node:events',
      function: 'Socket.emit',
      line: 527,
      method: 'emit',
      native: false
    },
    {
      column: 12,
      file: 'node:internal/streams/readable',
      function: 'addChunk',
      line: 315,
      method: null,
      native: false
    },
    {
      column: null,
      file: '    --------------------',
      function: null,
      line: null,
      method: null,
      native: null
    },
    {
      column: 48,
      file: 'C:\\Users\\a861686\\Downloads\\POS\\pos-backend\\POS-services\\node_modules\\mysql\\lib\\protocol\\Protocol.js',
      function: 'Protocol._enqueue',
      line: 144,
      method: '_enqueue',
      native: false
    },
    {
      column: 23,
      file: 'C:\\Users\\a861686\\Downloads\\POS\\pos-backend\\POS-services\\node_modules\\mysql\\lib\\protocol\\Protocol.js',
      function: 'Protocol.handshake',
      line: 51,
      method: 'handshake',
      native: false
    },
    {
      column: 18,
      file: 'C:\\Users\\a861686\\Downloads\\POS\\pos-backend\\POS-services\\node_modules\\mysql\\lib\\Connection.js',
      function: 'Connection.connect',
      line: 116,
      method: 'connect',
      native: false
    },
    {
      column: 7,
      file: 'C:\\Users\\a861686\\Downloads\\POS\\pos-backend\\POS-services\\config\\mysqldb.js',
      function: 'module.exports.db',
      line: 10,
      method: 'db',
      native: false
    },
    {
      column: 9,
      file: 'C:\\Users\\a861686\\Downloads\\POS\\pos-backend\\POS-services\\server.js',
      function: null,
      line: 18,
      method: null,
      native: false
    },
    {
      column: 28,
      file: 'node:events',
      function: 'Object.onceWrapper',
      line: 641,
      method: 'onceWrapper',
      native: false
    },
    {
      column: 28,
      file: 'node:events',
      function: 'Server.emit',
      line: 527,
      method: 'emit',
      native: false
    },
    {
      column: 10,
      file: 'node:net',
      function: 'emitListeningNT',
      line: 1406,
      method: null,
      native: false
    },
    {
      column: 21,
      file: 'node:internal/process/task_queues',
      function: 'processTicksAndRejections',
      line: 82,
      method: null,
      native: false
    }
  ],
  timestamp: '2022-12-17 22:46:09'
}
{
  error: Error: ER_ACCESS_DENIED_ERROR: Access denied for user 'Guru'@'157.49.206.152' (using password: YES)
      at Handshake.Sequence._packetToError (C:\Users\a861686\Downloads\POS\pos-backend\POS-services\node_modules\mysql\lib\protocol\sequences\Sequence.js:47:14)
      at Handshake.ErrorPacket (C:\Users\a861686\Downloads\POS\pos-backend\POS-services\node_modules\mysql\lib\protocol\sequences\Handshake.js:123:18)
      at Protocol._parsePacket (C:\Users\a861686\Downloads\POS\pos-backend\POS-services\node_modules\mysql\lib\protocol\Protocol.js:291:23)
      at Parser._parsePacket (C:\Users\a861686\Downloads\POS\pos-backend\POS-services\node_modules\mysql\lib\protocol\Parser.js:433:10)
      at Parser.write (C:\Users\a861686\Downloads\POS\pos-backend\POS-services\node_modules\mysql\lib\protocol\Parser.js:43:10)
      at Protocol.write (C:\Users\a861686\Downloads\POS\pos-backend\POS-services\node_modules\mysql\lib\protocol\Protocol.js:38:16)
      at Socket.<anonymous> (C:\Users\a861686\Downloads\POS\pos-backend\POS-services\node_modules\mysql\lib\Connection.js:88:28)
      at Socket.<anonymous> (C:\Users\a861686\Downloads\POS\pos-backend\POS-services\node_modules\mysql\lib\Connection.js:526:10)
      at Socket.emit (node:events:527:28)
      at addChunk (node:internal/streams/readable:315:12)
      --------------------
      at Protocol._enqueue (C:\Users\a861686\Downloads\POS\pos-backend\POS-services\node_modules\mysql\lib\protocol\Protocol.js:144:48)
      at Protocol.handshake (C:\Users\a861686\Downloads\POS\pos-backend\POS-services\node_modules\mysql\lib\protocol\Protocol.js:51:23)
      at Connection.connect (C:\Users\a861686\Downloads\POS\pos-backend\POS-services\node_modules\mysql\lib\Connection.js:116:18)
      at module.exports.db (C:\Users\a861686\Downloads\POS\pos-backend\POS-services\config\mysqldb.js:5:7)
      at Server.<anonymous> (C:\Users\a861686\Downloads\POS\pos-backend\POS-services\server.js:18:9)
      at Object.onceWrapper (node:events:641:28)
      at Server.emit (node:events:527:28)
      at emitListeningNT (node:net:1406:10)
      at processTicksAndRejections (node:internal/process/task_queues:82:21) {
    code: 'ER_ACCESS_DENIED_ERROR',
    errno: 1045,
    sqlMessage: "Access denied for user 'Guru'@'157.49.206.152' (using password: YES)",
    sqlState: '28000',
    fatal: true
  },
  level: 'error',
  message: "uncaughtException: ER_ACCESS_DENIED_ERROR: Access denied for user 'Guru'@'157.49.206.152' (using password: YES)\n" +
    "Error: ER_ACCESS_DENIED_ERROR: Access denied for user 'Guru'@'157.49.206.152' (using password: YES)\n" +
    '    at Handshake.Sequence._packetToError (C:\\Users\\a861686\\Downloads\\POS\\pos-backend\\POS-services\\node_modules\\mysql\\lib\\protocol\\sequences\\Sequence.js:47:14)\n' +
    '    at Handshake.ErrorPacket (C:\\Users\\a861686\\Downloads\\POS\\pos-backend\\POS-services\\node_modules\\mysql\\lib\\protocol\\sequences\\Handshake.js:123:18)\n' +
    '    at Protocol._parsePacket (C:\\Users\\a861686\\Downloads\\POS\\pos-backend\\POS-services\\node_modules\\mysql\\lib\\protocol\\Protocol.js:291:23)\n' +
    '    at Parser._parsePacket (C:\\Users\\a861686\\Downloads\\POS\\pos-backend\\POS-services\\node_modules\\mysql\\lib\\protocol\\Parser.js:433:10)\n' +
    '    at Parser.write (C:\\Users\\a861686\\Downloads\\POS\\pos-backend\\POS-services\\node_modules\\mysql\\lib\\protocol\\Parser.js:43:10)\n' +
    '    at Protocol.write (C:\\Users\\a861686\\Downloads\\POS\\pos-backend\\POS-services\\node_modules\\mysql\\lib\\protocol\\Protocol.js:38:16)\n' +
    '    at Socket.<anonymous> (C:\\Users\\a861686\\Downloads\\POS\\pos-backend\\POS-services\\node_modules\\mysql\\lib\\Connection.js:88:28)\n' +
    '    at Socket.<anonymous> (C:\\Users\\a861686\\Downloads\\POS\\pos-backend\\POS-services\\node_modules\\mysql\\lib\\Connection.js:526:10)\n' +
    '    at Socket.emit (node:events:527:28)\n' +
    '    at addChunk (node:internal/streams/readable:315:12)\n' +
    '    --------------------\n' +
    '    at Protocol._enqueue (C:\\Users\\a861686\\Downloads\\POS\\pos-backend\\POS-services\\node_modules\\mysql\\lib\\protocol\\Protocol.js:144:48)\n' +
    '    at Protocol.handshake (C:\\Users\\a861686\\Downloads\\POS\\pos-backend\\POS-services\\node_modules\\mysql\\lib\\protocol\\Protocol.js:51:23)\n' +
    '    at Connection.connect (C:\\Users\\a861686\\Downloads\\POS\\pos-backend\\POS-services\\node_modules\\mysql\\lib\\Connection.js:116:18)\n' +
    '    at module.exports.db (C:\\Users\\a861686\\Downloads\\POS\\pos-backend\\POS-services\\config\\mysqldb.js:5:7)\n' +
    '    at Server.<anonymous> (C:\\Users\\a861686\\Downloads\\POS\\pos-backend\\POS-services\\server.js:18:9)\n' +
    '    at Object.onceWrapper (node:events:641:28)\n' +
    '    at Server.emit (node:events:527:28)\n' +
    '    at emitListeningNT (node:net:1406:10)\n' +
    '    at processTicksAndRejections (node:internal/process/task_queues:82:21)',
  stack: "Error: ER_ACCESS_DENIED_ERROR: Access denied for user 'Guru'@'157.49.206.152' (using password: YES)\n" +
    '    at Handshake.Sequence._packetToError (C:\\Users\\a861686\\Downloads\\POS\\pos-backend\\POS-services\\node_modules\\mysql\\lib\\protocol\\sequences\\Sequence.js:47:14)\n' +
    '    at Handshake.ErrorPacket (C:\\Users\\a861686\\Downloads\\POS\\pos-backend\\POS-services\\node_modules\\mysql\\lib\\protocol\\sequences\\Handshake.js:123:18)\n' +
    '    at Protocol._parsePacket (C:\\Users\\a861686\\Downloads\\POS\\pos-backend\\POS-services\\node_modules\\mysql\\lib\\protocol\\Protocol.js:291:23)\n' +
    '    at Parser._parsePacket (C:\\Users\\a861686\\Downloads\\POS\\pos-backend\\POS-services\\node_modules\\mysql\\lib\\protocol\\Parser.js:433:10)\n' +
    '    at Parser.write (C:\\Users\\a861686\\Downloads\\POS\\pos-backend\\POS-services\\node_modules\\mysql\\lib\\protocol\\Parser.js:43:10)\n' +
    '    at Protocol.write (C:\\Users\\a861686\\Downloads\\POS\\pos-backend\\POS-services\\node_modules\\mysql\\lib\\protocol\\Protocol.js:38:16)\n' +
    '    at Socket.<anonymous> (C:\\Users\\a861686\\Downloads\\POS\\pos-backend\\POS-services\\node_modules\\mysql\\lib\\Connection.js:88:28)\n' +
    '    at Socket.<anonymous> (C:\\Users\\a861686\\Downloads\\POS\\pos-backend\\POS-services\\node_modules\\mysql\\lib\\Connection.js:526:10)\n' +
    '    at Socket.emit (node:events:527:28)\n' +
    '    at addChunk (node:internal/streams/readable:315:12)\n' +
    '    --------------------\n' +
    '    at Protocol._enqueue (C:\\Users\\a861686\\Downloads\\POS\\pos-backend\\POS-services\\node_modules\\mysql\\lib\\protocol\\Protocol.js:144:48)\n' +
    '    at Protocol.handshake (C:\\Users\\a861686\\Downloads\\POS\\pos-backend\\POS-services\\node_modules\\mysql\\lib\\protocol\\Protocol.js:51:23)\n' +
    '    at Connection.connect (C:\\Users\\a861686\\Downloads\\POS\\pos-backend\\POS-services\\node_modules\\mysql\\lib\\Connection.js:116:18)\n' +
    '    at module.exports.db (C:\\Users\\a861686\\Downloads\\POS\\pos-backend\\POS-services\\config\\mysqldb.js:5:7)\n' +
    '    at Server.<anonymous> (C:\\Users\\a861686\\Downloads\\POS\\pos-backend\\POS-services\\server.js:18:9)\n' +
    '    at Object.onceWrapper (node:events:641:28)\n' +
    '    at Server.emit (node:events:527:28)\n' +
    '    at emitListeningNT (node:net:1406:10)\n' +
    '    at processTicksAndRejections (node:internal/process/task_queues:82:21)',
  exception: true,
  date: 'Sat Dec 17 2022 22:49:45 GMT+0530 (India Standard Time)',
  process: {
    pid: 10884,
    uid: null,
    gid: null,
    cwd: 'C:\\Users\\a861686\\Downloads\\POS\\pos-backend\\POS-services',
    execPath: 'C:\\Program Files\\nodejs\\node.exe',
    version: 'v16.15.0',
    argv: [
      'C:\\Program Files\\nodejs\\node.exe',
      'C:\\Users\\a861686\\Downloads\\POS\\pos-backend\\POS-services\\server.js'
    ],
    memoryUsage: {
      rss: 52142080,
      heapTotal: 31780864,
      heapUsed: 19708704,
      external: 3640039,
      arrayBuffers: 568883
    }
  },
  os: { loadavg: [ 0, 0, 0 ], uptime: 170127 },
  trace: [
    {
      column: 14,
      file: 'C:\\Users\\a861686\\Downloads\\POS\\pos-backend\\POS-services\\node_modules\\mysql\\lib\\protocol\\sequences\\Sequence.js',
      function: 'Handshake.Sequence._packetToError',
      line: 47,
      method: '_packetToError',
      native: false
    },
    {
      column: 18,
      file: 'C:\\Users\\a861686\\Downloads\\POS\\pos-backend\\POS-services\\node_modules\\mysql\\lib\\protocol\\sequences\\Handshake.js',
      function: 'Handshake.ErrorPacket',
      line: 123,
      method: 'ErrorPacket',
      native: false
    },
    {
      column: 23,
      file: 'C:\\Users\\a861686\\Downloads\\POS\\pos-backend\\POS-services\\node_modules\\mysql\\lib\\protocol\\Protocol.js',
      function: 'Protocol._parsePacket',
      line: 291,
      method: '_parsePacket',
      native: false
    },
    {
      column: 10,
      file: 'C:\\Users\\a861686\\Downloads\\POS\\pos-backend\\POS-services\\node_modules\\mysql\\lib\\protocol\\Parser.js',
      function: 'Parser._parsePacket',
      line: 433,
      method: '_parsePacket',
      native: false
    },
    {
      column: 10,
      file: 'C:\\Users\\a861686\\Downloads\\POS\\pos-backend\\POS-services\\node_modules\\mysql\\lib\\protocol\\Parser.js',
      function: 'Parser.write',
      line: 43,
      method: 'write',
      native: false
    },
    {
      column: 16,
      file: 'C:\\Users\\a861686\\Downloads\\POS\\pos-backend\\POS-services\\node_modules\\mysql\\lib\\protocol\\Protocol.js',
      function: 'Protocol.write',
      line: 38,
      method: 'write',
      native: false
    },
    {
      column: 28,
      file: 'C:\\Users\\a861686\\Downloads\\POS\\pos-backend\\POS-services\\node_modules\\mysql\\lib\\Connection.js',
      function: null,
      line: 88,
      method: null,
      native: false
    },
    {
      column: 10,
      file: 'C:\\Users\\a861686\\Downloads\\POS\\pos-backend\\POS-services\\node_modules\\mysql\\lib\\Connection.js',
      function: null,
      line: 526,
      method: null,
      native: false
    },
    {
      column: 28,
      file: 'node:events',
      function: 'Socket.emit',
      line: 527,
      method: 'emit',
      native: false
    },
    {
      column: 12,
      file: 'node:internal/streams/readable',
      function: 'addChunk',
      line: 315,
      method: null,
      native: false
    },
    {
      column: null,
      file: '    --------------------',
      function: null,
      line: null,
      method: null,
      native: null
    },
    {
      column: 48,
      file: 'C:\\Users\\a861686\\Downloads\\POS\\pos-backend\\POS-services\\node_modules\\mysql\\lib\\protocol\\Protocol.js',
      function: 'Protocol._enqueue',
      line: 144,
      method: '_enqueue',
      native: false
    },
    {
      column: 23,
      file: 'C:\\Users\\a861686\\Downloads\\POS\\pos-backend\\POS-services\\node_modules\\mysql\\lib\\protocol\\Protocol.js',
      function: 'Protocol.handshake',
      line: 51,
      method: 'handshake',
      native: false
    },
    {
      column: 18,
      file: 'C:\\Users\\a861686\\Downloads\\POS\\pos-backend\\POS-services\\node_modules\\mysql\\lib\\Connection.js',
      function: 'Connection.connect',
      line: 116,
      method: 'connect',
      native: false
    },
    {
      column: 7,
      file: 'C:\\Users\\a861686\\Downloads\\POS\\pos-backend\\POS-services\\config\\mysqldb.js',
      function: 'module.exports.db',
      line: 5,
      method: 'db',
      native: false
    },
    {
      column: 9,
      file: 'C:\\Users\\a861686\\Downloads\\POS\\pos-backend\\POS-services\\server.js',
      function: null,
      line: 18,
      method: null,
      native: false
    },
    {
      column: 28,
      file: 'node:events',
      function: 'Object.onceWrapper',
      line: 641,
      method: 'onceWrapper',
      native: false
    },
    {
      column: 28,
      file: 'node:events',
      function: 'Server.emit',
      line: 527,
      method: 'emit',
      native: false
    },
    {
      column: 10,
      file: 'node:net',
      function: 'emitListeningNT',
      line: 1406,
      method: null,
      native: false
    },
    {
      column: 21,
      file: 'node:internal/process/task_queues',
      function: 'processTicksAndRejections',
      line: 82,
      method: null,
      native: false
    }
  ],
  timestamp: '2022-12-17 22:49:45'
}
{
  error: Error: Connection lost: The server closed the connection.
      at Protocol.end (C:\Users\a861686\Downloads\POS\pos-backend\POS-services\node_modules\mysql\lib\protocol\Protocol.js:112:13)
      at Socket.<anonymous> (C:\Users\a861686\Downloads\POS\pos-backend\POS-services\node_modules\mysql\lib\Connection.js:94:28)
      at Socket.<anonymous> (C:\Users\a861686\Downloads\POS\pos-backend\POS-services\node_modules\mysql\lib\Connection.js:526:10)
      at Socket.emit (node:events:539:35)
      at endReadableNT (node:internal/streams/readable:1345:12)
      at processTicksAndRejections (node:internal/process/task_queues:83:21) {
    fatal: true,
    code: 'PROTOCOL_CONNECTION_LOST'
  },
  level: 'error',
  message: 'uncaughtException: Connection lost: The server closed the connection.\n' +
    'Error: Connection lost: The server closed the connection.\n' +
    '    at Protocol.end (C:\\Users\\a861686\\Downloads\\POS\\pos-backend\\POS-services\\node_modules\\mysql\\lib\\protocol\\Protocol.js:112:13)\n' +
    '    at Socket.<anonymous> (C:\\Users\\a861686\\Downloads\\POS\\pos-backend\\POS-services\\node_modules\\mysql\\lib\\Connection.js:94:28)\n' +
    '    at Socket.<anonymous> (C:\\Users\\a861686\\Downloads\\POS\\pos-backend\\POS-services\\node_modules\\mysql\\lib\\Connection.js:526:10)\n' +
    '    at Socket.emit (node:events:539:35)\n' +
    '    at endReadableNT (node:internal/streams/readable:1345:12)\n' +
    '    at processTicksAndRejections (node:internal/process/task_queues:83:21)',
  stack: 'Error: Connection lost: The server closed the connection.\n' +
    '    at Protocol.end (C:\\Users\\a861686\\Downloads\\POS\\pos-backend\\POS-services\\node_modules\\mysql\\lib\\protocol\\Protocol.js:112:13)\n' +
    '    at Socket.<anonymous> (C:\\Users\\a861686\\Downloads\\POS\\pos-backend\\POS-services\\node_modules\\mysql\\lib\\Connection.js:94:28)\n' +
    '    at Socket.<anonymous> (C:\\Users\\a861686\\Downloads\\POS\\pos-backend\\POS-services\\node_modules\\mysql\\lib\\Connection.js:526:10)\n' +
    '    at Socket.emit (node:events:539:35)\n' +
    '    at endReadableNT (node:internal/streams/readable:1345:12)\n' +
    '    at processTicksAndRejections (node:internal/process/task_queues:83:21)',
  exception: true,
  date: 'Sat Dec 17 2022 22:50:59 GMT+0530 (India Standard Time)',
  process: {
    pid: 10524,
    uid: null,
    gid: null,
    cwd: 'C:\\Users\\a861686\\Downloads\\POS\\pos-backend\\POS-services',
    execPath: 'C:\\Program Files\\nodejs\\node.exe',
    version: 'v16.15.0',
    argv: [
      'C:\\Program Files\\nodejs\\node.exe',
      'C:\\Users\\a861686\\Downloads\\POS\\pos-backend\\POS-services\\server.js'
    ],
    memoryUsage: {
      rss: 41656320,
      heapTotal: 16314368,
      heapUsed: 13802616,
      external: 974620,
      arrayBuffers: 106689
    }
  },
  os: { loadavg: [ 0, 0, 0 ], uptime: 170201 },
  trace: [
    {
      column: 13,
      file: 'C:\\Users\\a861686\\Downloads\\POS\\pos-backend\\POS-services\\node_modules\\mysql\\lib\\protocol\\Protocol.js',
      function: 'Protocol.end',
      line: 112,
      method: 'end',
      native: false
    },
    {
      column: 28,
      file: 'C:\\Users\\a861686\\Downloads\\POS\\pos-backend\\POS-services\\node_modules\\mysql\\lib\\Connection.js',
      function: null,
      line: 94,
      method: null,
      native: false
    },
    {
      column: 10,
      file: 'C:\\Users\\a861686\\Downloads\\POS\\pos-backend\\POS-services\\node_modules\\mysql\\lib\\Connection.js',
      function: null,
      line: 526,
      method: null,
      native: false
    },
    {
      column: 35,
      file: 'node:events',
      function: 'Socket.emit',
      line: 539,
      method: 'emit',
      native: false
    },
    {
      column: 12,
      file: 'node:internal/streams/readable',
      function: 'endReadableNT',
      line: 1345,
      method: null,
      native: false
    },
    {
      column: 21,
      file: 'node:internal/process/task_queues',
      function: 'processTicksAndRejections',
      line: 83,
      method: null,
      native: false
    }
  ],
  timestamp: '2022-12-17 22:50:59'
}
